[preview.colorlib.com/theme/jobportal/index.html]
[backblue.gif]
[fade.gif]
[index.html]
[preview.colorlib.com/theme/jobportal/css/open-iconic-bootstrap.min.css]
[preview.colorlib.com/theme/jobportal/css/animate.css]
[preview.colorlib.com/theme/jobportal/css/owl.carousel.min.css]
[preview.colorlib.com/theme/jobportal/css/owl.theme.default.min.css]
[preview.colorlib.com/theme/jobportal/css/magnific-popup.css]
[preview.colorlib.com/theme/jobportal/css/aos.css]
[preview.colorlib.com/theme/jobportal/css/ionicons.min.css]
[preview.colorlib.com/theme/jobportal/css/bootstrap-datepicker.css]
[preview.colorlib.com/theme/jobportal/css/flaticon.css]
[preview.colorlib.com/theme/jobportal/css/icomoon.css]
[preview.colorlib.com/theme/jobportal/css/style.css]
[preview.colorlib.com/theme/jobportal/index-2.html]
[preview.colorlib.com/theme/jobportal/about.html]
[preview.colorlib.com/theme/jobportal/blog.html]
[preview.colorlib.com/theme/jobportal/contact.html]
[preview.colorlib.com/theme/jobportal/new-post.html]
[preview.colorlib.com/theme/jobportal/job-post.html]
[preview.colorlib.com/theme/jobportal/images/bg_2.jpg]
[preview.colorlib.com/theme/jobportal/job-single.html]
[preview.colorlib.com/theme/jobportal/images/bg_1.jpg]
[preview.colorlib.com/theme/jobportal/images/person_1.jpg]
[preview.colorlib.com/theme/jobportal/images/person_2.jpg]
[preview.colorlib.com/theme/jobportal/images/person_3.jpg]
[preview.colorlib.com/theme/jobportal/blog-single.html]
[preview.colorlib.com/theme/jobportal/images/image_1.jpg]
[preview.colorlib.com/theme/jobportal/images/image_2.jpg]
[preview.colorlib.com/theme/jobportal/images/image_3.jpg]
[preview.colorlib.com/theme/jobportal/images/image_4.jpg]
[preview.colorlib.com/cdn-cgi/scripts/5c5dd728/cloudflare-static/email-decode.min.js]
[preview.colorlib.com/theme/jobportal/js/jquery.min.js]
[preview.colorlib.com/theme/jobportal/js/jquery-migrate-3.0.1.min.js]
[preview.colorlib.com/theme/jobportal/js/popper.min.js]
[preview.colorlib.com/theme/jobportal/js/bootstrap.min.js]
[preview.colorlib.com/theme/jobportal/js/jquery.easing.1.3.js]
[preview.colorlib.com/theme/jobportal/js/jquery.waypoints.min.js]
[preview.colorlib.com/theme/jobportal/js/jquery.stellar.min.js]
[preview.colorlib.com/theme/jobportal/js/owl.carousel.min.js]
[preview.colorlib.com/theme/jobportal/js/jquery.magnific-popup.min.js]
[preview.colorlib.com/theme/jobportal/js/aos.js]
[preview.colorlib.com/theme/jobportal/js/jquery.animateNumber.min.js]
[preview.colorlib.com/theme/jobportal/js/bootstrap-datepicker.js]
[preview.colorlib.com/theme/jobportal/js/jquery.timepicker.min.js]
[preview.colorlib.com/theme/jobportal/js/scrollax.min.js]
[preview.colorlib.com/theme/jobportal/js/google-map.js]
[preview.colorlib.com/theme/jobportal/js/main.js]
[preview.colorlib.com/theme/jobportal/index.html]
[preview.colorlib.com/theme/jobportal/fonts/open-iconic/open-iconic.eot]
[preview.colorlib.com/theme/jobportal/fonts/open-iconic/open-iconicd41d.eot]
[preview.colorlib.com/theme/jobportal/fonts/open-iconic/open-iconic.woff]
[preview.colorlib.com/theme/jobportal/fonts/open-iconic/open-iconic.ttf]
[preview.colorlib.com/theme/jobportal/fonts/open-iconic/open-iconic.otf]
[preview.colorlib.com/theme/jobportal/css/open-iconic-bootstrap.min.css]
[preview.colorlib.com/theme/jobportal/css/animate.css]
[preview.colorlib.com/theme/jobportal/fonts/open-iconic/open-iconic.svg]
[preview.colorlib.com/theme/jobportal/css/owl.video.play.png]
[preview.colorlib.com/theme/jobportal/css/owl.carousel.min.css]
[preview.colorlib.com/theme/jobportal/css/owl.theme.default.min.css]
[preview.colorlib.com/theme/jobportal/css/magnific-popup.css]
[preview.colorlib.com/theme/jobportal/css/aos.css]
[preview.colorlib.com/theme/jobportal/fonts/ionicons/fonts/ionicons580c.woff2]
[preview.colorlib.com/theme/jobportal/fonts/ionicons/fonts/ionicons580c.eot]
[preview.colorlib.com/theme/jobportal/fonts/ionicons/fonts/ionicons580c.woff]
[preview.colorlib.com/theme/jobportal/fonts/ionicons/fonts/ionicons580c.ttf]
[preview.colorlib.com/theme/jobportal/css/ionicons.min.css]
[preview.colorlib.com/theme/jobportal/css/bootstrap-datepicker.css]
[preview.colorlib.com/theme/jobportal/css/jquery.timepicker.css]
[preview.colorlib.com/theme/jobportal/fonts/flaticon/font/Flaticon.eot]
[preview.colorlib.com/theme/jobportal/fonts/ionicons/fonts/ionicons580c.svg]
[preview.colorlib.com/theme/jobportal/fonts/flaticon/font/Flaticond41d.eot]
[preview.colorlib.com/theme/jobportal/fonts/flaticon/font/Flaticon.woff]
[preview.colorlib.com/theme/jobportal/fonts/flaticon/font/Flaticon.ttf]
[preview.colorlib.com/theme/jobportal/css/flaticon.css]
[preview.colorlib.com/theme/jobportal/fonts/flaticon/font/Flaticon.svg]
[preview.colorlib.com/theme/jobportal/fonts/icomoon/icomoonccfb.eot]
[preview.colorlib.com/theme/jobportal/fonts/icomoon/icomoonccfb.woff]
[preview.colorlib.com/theme/jobportal/fonts/icomoon/icomoonccfb.ttf]
[preview.colorlib.com/theme/jobportal/css/icomoon.css]
[preview.colorlib.com/theme/jobportal/css/style.css]
[preview.colorlib.com/cdn-cgi/zaraz/sd0d9.js]
[preview.colorlib.com/theme/jobportal/index-2.html]
[preview.colorlib.com/theme/jobportal/fonts/icomoon/icomoonccfb.svg]
[preview.colorlib.com/theme/jobportal/images/about.jpg]
[preview.colorlib.com/theme/jobportal/about.html]
[preview.colorlib.com/theme/jobportal/images/image_5.jpg]
[preview.colorlib.com/theme/jobportal/images/image_6.jpg]
[preview.colorlib.com/theme/jobportal/images/image_7.jpg]
[preview.colorlib.com/theme/jobportal/images/image_8.jpg]
[preview.colorlib.com/theme/jobportal/blog.html]
[preview.colorlib.com/theme/jobportal/contact.html]
[preview.colorlib.com/theme/jobportal/new-post.html]
[preview.colorlib.com/theme/jobportal/job-post.html]
[preview.colorlib.com/theme/jobportal/job-single.html]
[preview.colorlib.com/theme/jobportal/blog-single.html]
[preview.colorlib.com/theme/jobportal/js/jquery.timepicker.min.html]
[preview.colorlib.com/theme/jobportal/fonts/open-iconic/open-iconic.svg]
[preview.colorlib.com/theme/jobportal/css/owl.video.play.html]
[preview.colorlib.com/theme/jobportal/fonts/ionicons/fonts/ionicons580c.svg]
[preview.colorlib.com/theme/jobportal/fonts/flaticon/font/Flaticon.svg]
[preview.colorlib.com/theme/jobportal/fonts/icomoon/icomoonccfb.svg]
